<?xml version="1.0" encoding="UTF-8"?>
<!-- Generated by org.testng.reporters.JUnitReportReporter -->
<testsuite hostname="CoverosSpare" name="com.coveros.appium_testing.YoutubePageTests" tests="3" failures="0" timestamp="31 Oct 2017 15:58:39 GMT" time="19.841" errors="0">
  <testcase name="searchMethod" time="9.956" classname="com.coveros.appium_testing.YoutubePageTests"/>
  <testcase name="goToVideo" time="5.676" classname="com.coveros.appium_testing.YoutubePageTests"/>
  <testcase name="goToAccount" time="4.209" classname="com.coveros.appium_testing.YoutubePageTests"/>
</testsuite>
