<?xml version="1.0" encoding="UTF-8"?>
<!-- Generated by org.testng.reporters.JUnitReportReporter -->
<testsuite hostname="CoverosSpare" name="com.coveros.appium_testing.YoutubePageTests" tests="3" failures="0" timestamp="30 Oct 2017 20:55:00 GMT" time="18.604" errors="0">
  <testcase name="goToVideo" time="7.943" classname="com.coveros.appium_testing.YoutubePageTests"/>
  <testcase name="goToAccount" time="3.460" classname="com.coveros.appium_testing.YoutubePageTests"/>
  <testcase name="searchMethod" time="7.201" classname="com.coveros.appium_testing.YoutubePageTests"/>
</testsuite>
