<?xml version="1.0" encoding="UTF-8"?>
<!-- Generated by org.testng.reporters.JUnitReportReporter -->
<testsuite hostname="CoverosSpare" name="com.coveros.appium_testing.YoutubePageTests" tests="3" failures="0" timestamp="31 Oct 2017 14:45:08 GMT" time="19.269" errors="0">
  <testcase name="goToVideo" time="6.701" classname="com.coveros.appium_testing.YoutubePageTests"/>
  <testcase name="goToAccount" time="3.316" classname="com.coveros.appium_testing.YoutubePageTests"/>
  <testcase name="searchMethod" time="9.252" classname="com.coveros.appium_testing.YoutubePageTests"/>
</testsuite>
