<?xml version="1.0" encoding="UTF-8"?>
<!-- Generated by org.testng.reporters.JUnitReportReporter -->
<testsuite hostname="CoverosSpare" name="com.coveros.appium_testing.YoutubeTests" tests="3" failures="0" timestamp="31 Oct 2017 14:45:08 GMT" time="27.920" errors="0">
  <testcase name="checkAccountButton" time="6.183" classname="com.coveros.appium_testing.YoutubeTests"/>
  <testcase name="youtubeSearch" time="11.807" classname="com.coveros.appium_testing.YoutubeTests"/>
  <testcase name="videoTest" time="9.930" classname="com.coveros.appium_testing.YoutubeTests"/>
</testsuite>
