<?xml version="1.0" encoding="UTF-8"?>
<!-- Generated by org.testng.reporters.JUnitReportReporter -->
<testsuite hostname="CoverosSpare" name="com.coveros.appium_testing.YoutubeTests" tests="2" failures="0" timestamp="30 Oct 2017 16:49:43 GMT" time="20.474" errors="0">
  <testcase name="youtubeSearch" time="11.870" classname="com.coveros.appium_testing.YoutubeTests"/>
  <testcase name="checkCloseButton" time="8.604" classname="com.coveros.appium_testing.YoutubeTests"/>
</testsuite>
