<?xml version="1.0" encoding="UTF-8"?>
<!-- Generated by org.testng.reporters.JUnitReportReporter -->
<testsuite hostname="CoverosSpare" name="com.coveros.appium_testing.YoutubeTests" tests="3" failures="0" timestamp="30 Oct 2017 18:54:58 GMT" time="27.132" errors="0">
  <testcase name="videoTest" time="5.453" classname="com.coveros.appium_testing.YoutubeTests"/>
  <testcase name="checkAccountButton" time="9.498" classname="com.coveros.appium_testing.YoutubeTests"/>
  <testcase name="youtubeSearch" time="12.181" classname="com.coveros.appium_testing.YoutubeTests"/>
</testsuite>
