<?xml version="1.0" encoding="UTF-8"?>
<!-- Generated by org.testng.reporters.JUnitReportReporter -->
<testsuite hostname="CoverosSpare" name="com.coveros.appium_testing.YoutubeTests" tests="3" failures="0" timestamp="30 Oct 2017 20:55:00 GMT" time="29.445" errors="0">
  <testcase name="videoTest" time="10.291" classname="com.coveros.appium_testing.YoutubeTests"/>
  <testcase name="checkAccountButton" time="7.841" classname="com.coveros.appium_testing.YoutubeTests"/>
  <testcase name="youtubeSearch" time="11.313" classname="com.coveros.appium_testing.YoutubeTests"/>
</testsuite>
