<?xml version="1.0" encoding="UTF-8"?>
<!-- Generated by org.testng.reporters.JUnitReportReporter -->
<testsuite hostname="CoverosSpare" name="com.coveros.appium_testing.YoutubeTests" tests="3" failures="0" timestamp="31 Oct 2017 15:58:39 GMT" time="29.198" errors="0">
  <testcase name="youtubeSearch" time="12.624" classname="com.coveros.appium_testing.YoutubeTests"/>
  <testcase name="checkAccountButton" time="8.144" classname="com.coveros.appium_testing.YoutubeTests"/>
  <testcase name="videoTest" time="8.430" classname="com.coveros.appium_testing.YoutubeTests"/>
</testsuite>
