<?xml version="1.0" encoding="UTF-8"?>
<!-- Generated by org.testng.reporters.JUnitReportReporter -->
<testsuite hostname="CoverosSpare" name="com.coveros.appium_testing.YoutubeTests" tests="3" failures="0" timestamp="30 Oct 2017 19:06:15 GMT" time="30.611" errors="0">
  <testcase name="checkAccountButton" time="11.850" classname="com.coveros.appium_testing.YoutubeTests"/>
  <testcase name="videoTest" time="6.508" classname="com.coveros.appium_testing.YoutubeTests"/>
  <testcase name="youtubeSearch" time="12.253" classname="com.coveros.appium_testing.YoutubeTests"/>
</testsuite>
