<?xml version="1.0" encoding="UTF-8"?>
<!-- Generated by org.testng.reporters.JUnitReportReporter -->
<testsuite hostname="CoverosSpare" name="com.coveros.appium_testing.YoutubeTest" tests="1" failures="0" timestamp="26 Oct 2017 20:41:18 GMT" time="8.791" errors="0">
  <testcase name="youtubeSearch" time="8.791" classname="com.coveros.appium_testing.YoutubeTest"/>
</testsuite>
